29.07.2019 19:15:18 - Added id $2y$10$9ojilqm3S/.IbL1goVHL6OU6joFOeUvnii60e613limL4k8R/icee in users by  
	date_created: 2019-07-29 19:15:18
	date_last_visit: 2019-07-29 19:15:18
	access: 0
	name: Cdi
	last_name: Group
	email: admin@cdigroup.com
	password: $2y$10$9ojilqm3S/.IbL1goVHL6OU6joFOeUvnii60e613limL4k8R/icee
	id: 1

----------------------------------------------------------------

29.07.2019 19:18:00 - Edited id0 from users by Cdi Group
	id: 1
	name: Cdi
	last_name: Group
	email: admin@cdigroup.com
	password: $2y$10$9ojilqm3S/.IbL1goVHL6OU6joFOeUvnii60e613limL4k8R/icee
	date_created: 2019-07-29 19:15:18
	date_last_visit: 2019-07-29 19:18:00
	token: 
	access: 0

----------------------------------------------------------------

29.07.2019 19:20:37 - Edited id0 from users by Cdi Group
	id: 1
	name: Cdi
	last_name: Group
	email: admin@cdigroup.com
	password: $2y$10$9ojilqm3S/.IbL1goVHL6OU6joFOeUvnii60e613limL4k8R/icee
	date_created: 2019-07-29 19:15:18
	date_last_visit: 2019-07-29 19:20:37
	token: 815d9617b46f505945dab36479eae91c
	access: 0

----------------------------------------------------------------

29.07.2019 19:26:33 - Edited id0 from users by Cdi Group
	id: 1
	name: Cdi
	last_name: Group
	email: admin@cdigroup.com
	password: $2y$10$9ojilqm3S/.IbL1goVHL6OU6joFOeUvnii60e613limL4k8R/icee
	date_created: 2019-07-29 19:15:18
	date_last_visit: 2019-07-29 19:26:33
	token: 09ce050897f1f674f883d16e94d9000a
	access: 0

----------------------------------------------------------------

29.07.2019 19:36:20 - Edited id0 from users by Cdi Group
	id: 1
	name: Cdi
	last_name: Group
	email: admin@cdigroup.com
	password: $2y$10$9ojilqm3S/.IbL1goVHL6OU6joFOeUvnii60e613limL4k8R/icee
	date_created: 2019-07-29 19:15:18
	date_last_visit: 2019-07-29 19:36:20
	token: 09ce050897f1f674f883d16e94d9000a
	access: 0

----------------------------------------------------------------

30.07.2019 14:39:54 - Edited id0 from users by Cdi Group
	id: 1
	name: Cdi
	last_name: Group
	email: admin@cdigroup.com
	password: $2y$10$9ojilqm3S/.IbL1goVHL6OU6joFOeUvnii60e613limL4k8R/icee
	date_created: 2019-07-29 19:15:18
	date_last_visit: 2019-07-30 14:39:54
	token: 7d18a790722dafc8e5a590d84990211f
	access: 0

----------------------------------------------------------------

